c:\users\noorum\onedrive - humber college\2023-24 fall\game 306 game physics 3\code\2023-09-05physics3startingproject\componentframework\debug\vc143.pdb
c:\users\noorum\onedrive - humber college\2023-24 fall\game 306 game physics 3\code\2023-09-05physics3startingproject\componentframework\debug\vc143.idb
c:\users\noorum\onedrive - humber college\2023-24 fall\game 306 game physics 3\code\2023-09-05physics3startingproject\componentframework\debug\xmlassetmanager.obj
c:\users\noorum\onedrive - humber college\2023-24 fall\game 306 game physics 3\code\2023-09-05physics3startingproject\componentframework\debug\window.obj
c:\users\noorum\onedrive - humber college\2023-24 fall\game 306 game physics 3\code\2023-09-05physics3startingproject\componentframework\debug\transformcomponent.obj
c:\users\noorum\onedrive - humber college\2023-24 fall\game 306 game physics 3\code\2023-09-05physics3startingproject\componentframework\debug\tinyxml2.obj
c:\users\noorum\onedrive - humber college\2023-24 fall\game 306 game physics 3\code\2023-09-05physics3startingproject\componentframework\debug\timer.obj
c:\users\noorum\onedrive - humber college\2023-24 fall\game 306 game physics 3\code\2023-09-05physics3startingproject\componentframework\debug\sphere.obj
c:\users\noorum\onedrive - humber college\2023-24 fall\game 306 game physics 3\code\2023-09-05physics3startingproject\componentframework\debug\shapecomponent.obj
c:\users\noorum\onedrive - humber college\2023-24 fall\game 306 game physics 3\code\2023-09-05physics3startingproject\componentframework\debug\shape.obj
c:\users\noorum\onedrive - humber college\2023-24 fall\game 306 game physics 3\code\2023-09-05physics3startingproject\componentframework\debug\shadercomponent.obj
c:\users\noorum\onedrive - humber college\2023-24 fall\game 306 game physics 3\code\2023-09-05physics3startingproject\componentframework\debug\main.obj
c:\users\noorum\onedrive - humber college\2023-24 fall\game 306 game physics 3\code\2023-09-05physics3startingproject\componentframework\debug\scenemanager.obj
c:\users\noorum\onedrive - humber college\2023-24 fall\game 306 game physics 3\code\2023-09-05physics3startingproject\componentframework\debug\scene0.obj
c:\users\noorum\onedrive - humber college\2023-24 fall\game 306 game physics 3\code\2023-09-05physics3startingproject\componentframework\debug\meshcomponent.obj
c:\users\noorum\onedrive - humber college\2023-24 fall\game 306 game physics 3\code\2023-09-05physics3startingproject\componentframework\debug\materialcomponent.obj
c:\users\noorum\onedrive - humber college\2023-24 fall\game 306 game physics 3\code\2023-09-05physics3startingproject\componentframework\debug\lightactor.obj
c:\users\noorum\onedrive - humber college\2023-24 fall\game 306 game physics 3\code\2023-09-05physics3startingproject\componentframework\debug\debug.obj
c:\users\noorum\onedrive - humber college\2023-24 fall\game 306 game physics 3\code\2023-09-05physics3startingproject\componentframework\debug\cameraactor.obj
c:\users\noorum\onedrive - humber college\2023-24 fall\game 306 game physics 3\code\2023-09-05physics3startingproject\componentframework\debug\actor.obj
c:\users\noorum\onedrive - humber college\2023-24 fall\game 306 game physics 3\code\2023-09-05physics3startingproject\componentframework\debug\componentframework.ilk
c:\users\noorum\onedrive - humber college\2023-24 fall\game 306 game physics 3\code\2023-09-05physics3startingproject\debug\componentframework.exe
c:\users\noorum\onedrive - humber college\2023-24 fall\game 306 game physics 3\code\2023-09-05physics3startingproject\debug\componentframework.pdb
c:\users\noorum\onedrive - humber college\2023-24 fall\game 306 game physics 3\code\2023-09-05physics3startingproject\componentframework\debug\componen.614c2865.tlog\cl.command.1.tlog
c:\users\noorum\onedrive - humber college\2023-24 fall\game 306 game physics 3\code\2023-09-05physics3startingproject\componentframework\debug\componen.614c2865.tlog\cl.read.1.tlog
c:\users\noorum\onedrive - humber college\2023-24 fall\game 306 game physics 3\code\2023-09-05physics3startingproject\componentframework\debug\componen.614c2865.tlog\cl.write.1.tlog
c:\users\noorum\onedrive - humber college\2023-24 fall\game 306 game physics 3\code\2023-09-05physics3startingproject\componentframework\debug\componen.614c2865.tlog\link.command.1.tlog
c:\users\noorum\onedrive - humber college\2023-24 fall\game 306 game physics 3\code\2023-09-05physics3startingproject\componentframework\debug\componen.614c2865.tlog\link.read.1.tlog
c:\users\noorum\onedrive - humber college\2023-24 fall\game 306 game physics 3\code\2023-09-05physics3startingproject\componentframework\debug\componen.614c2865.tlog\link.write.1.tlog
